GROUP,PACKAGE,CLASS,INSTRUCTION_MISSED,INSTRUCTION_COVERED,BRANCH_MISSED,BRANCH_COVERED,LINE_MISSED,LINE_COVERED,COMPLEXITY_MISSED,COMPLEXITY_COVERED,METHOD_MISSED,METHOD_COVERED
Ask_Portal Maven Webapp,com.prokarma.userprofile.model,UserProfileBean,0,52,0,0,0,23,0,15,0,15
Ask_Portal Maven Webapp,com.prokarma.userprofile.model,ResponseBean,0,10,0,0,0,5,0,3,0,3
Ask_Portal Maven Webapp,com.prokarma.searchquery.controller,SearchController,0,13,0,0,0,3,0,2,0,2
Ask_Portal Maven Webapp,com.prokarma.login.dao,LoginDaoImple,0,42,0,0,0,7,0,3,0,3
Ask_Portal Maven Webapp,com.prokarma.login.dao,LoginDaoImple.new RowMapper() {...},0,27,0,0,0,6,0,2,0,2
Ask_Portal Maven Webapp,com.prokarma.login.controller,LoginController,0,13,0,0,0,4,0,3,0,3
Ask_Portal Maven Webapp,com.prokarma.sme.dao,SmeDaoImpl,6,134,2,2,2,31,2,4,0,4
Ask_Portal Maven Webapp,com.prokarma.admin.controller,AdminController,0,24,0,0,0,5,0,3,0,3
Ask_Portal Maven Webapp,com.prokarma.forgotpassword.controller,ForgotPasswordController,19,3,0,0,4,1,1,1,1,1
Ask_Portal Maven Webapp,com.prokarma.common.util,AskAspectClass,5,21,0,0,2,8,0,3,0,3
Ask_Portal Maven Webapp,com.prokarma.common.util,CommonUtil,0,46,2,6,0,9,2,5,0,3
Ask_Portal Maven Webapp,com.prokarma.viewpost.service,ViewAllPostService,12,230,1,13,3,56,1,12,0,6
Ask_Portal Maven Webapp,com.prokarma.searchquery.dao,SearchDaoImpl,0,16,0,0,0,4,0,2,0,2
Ask_Portal Maven Webapp,com.prokarma.searchquery.dao,SearchDaoImpl.new RowMapper() {...},0,10,0,0,0,2,0,2,0,2
Ask_Portal Maven Webapp,com.prokarma.viewpost.dao,ViewDaoImpl.new RowMapper() {...},0,87,0,0,0,18,0,2,0,2
Ask_Portal Maven Webapp,com.prokarma.viewpost.dao,ViewDaoImpl,5,139,2,10,2,24,2,7,0,3
Ask_Portal Maven Webapp,com.prokarma.sme.services,SmeServiceImpl,0,39,0,0,0,10,0,4,0,4
Ask_Portal Maven Webapp,com.prokarma.userprofile.dao,UpdateUserProfileDaoImpl,0,73,0,2,0,17,0,4,0,3
Ask_Portal Maven Webapp,com.prokarma.userprofile.dao,NewuserprofileImpl.new ResultSetExtractor() {...},0,48,0,2,0,10,0,3,0,2
Ask_Portal Maven Webapp,com.prokarma.userprofile.dao,RetrieveUserProfileDaoImpl,0,29,0,0,0,6,0,3,0,3
Ask_Portal Maven Webapp,com.prokarma.userprofile.dao,NewuserprofileImpl,0,54,0,0,0,9,0,4,0,4
Ask_Portal Maven Webapp,com.prokarma.userprofile.dao,NewuserprofileImpl.1.new ResultSetExtractor() {...},0,115,0,4,0,23,0,4,0,2
Ask_Portal Maven Webapp,com.prokarma.userprofile.dao,EditRowMapper,0,44,0,0,0,10,0,2,0,2
Ask_Portal Maven Webapp,com.prokarma.userprofile.service,NewUserServiceImpl,0,56,0,2,0,13,0,3,0,2
Ask_Portal Maven Webapp,com.prokarma.userprofile.service,UpdateUserProfileServiceImpl,0,54,1,3,0,12,1,3,0,2
Ask_Portal Maven Webapp,com.prokarma.userprofile.service,RetrieveUserProfileServiceImpl,0,8,0,0,0,2,0,2,0,2
Ask_Portal Maven Webapp,com.prokarma.menudashboard.dao,MenuDaoImpl,0,25,0,0,0,6,0,3,0,3
Ask_Portal Maven Webapp,com.prokarma.userprofile.controller,NewUserController,0,24,0,0,0,5,0,2,0,2
Ask_Portal Maven Webapp,com.prokarma.userprofile.controller,RetrieveUserProfileController,0,14,0,0,0,3,0,2,0,2
Ask_Portal Maven Webapp,com.prokarma.userprofile.controller,UpdateUserProfileController,0,8,0,0,0,2,0,2,0,2
Ask_Portal Maven Webapp,com.prokarma.viewpost.model,ResponseModelOnRply,0,10,0,0,0,5,0,3,0,3
Ask_Portal Maven Webapp,com.prokarma.viewpost.model,ReplyQueriesInfo,0,107,0,8,0,43,0,25,0,21
Ask_Portal Maven Webapp,com.prokarma.viewpost.model,ReplyOnPost,0,24,0,0,0,11,0,7,0,7
Ask_Portal Maven Webapp,com.prokarma.viewpost.model,PostQueryInfo,0,100,0,8,0,39,0,23,0,19
Ask_Portal Maven Webapp,com.prokarma.viewpost.model,SearchInfoModel,0,17,0,0,0,8,0,5,0,5
Ask_Portal Maven Webapp,com.prokarma.viewpost.model,PostReplyModelSet,2,76,2,12,0,25,2,12,0,7
Ask_Portal Maven Webapp,com.prokarma.viewpost.model,PostReplyTotal,0,108,0,0,0,46,0,31,0,31
Ask_Portal Maven Webapp,com.prokarma.forgotpassword.dao,ForgotPasswordDaoImpl.new ResultSetExtractor() {...},49,0,4,0,9,0,4,0,2,0
Ask_Portal Maven Webapp,com.prokarma.forgotpassword.dao,ForgotPasswordDaoImpl,24,7,0,0,5,2,1,2,1,2
Ask_Portal Maven Webapp,com.prokarma.common.config,ConfigurationClass,0,155,0,0,0,38,0,19,0,19
Ask_Portal Maven Webapp,com.prokarma.common.config,InitializerClass,20,0,0,0,4,0,4,0,4,0
Ask_Portal Maven Webapp,com.prokarma.searchquery.service,SearchServiceImpl,0,7,0,0,0,2,0,2,0,2
Ask_Portal Maven Webapp,com.prokarma.login.service,LoginServiceImpl,0,66,0,4,0,18,0,4,0,2
Ask_Portal Maven Webapp,com.prokarma.postquery.model,ResponseMsgModel,0,10,0,0,0,5,0,3,0,3
Ask_Portal Maven Webapp,com.prokarma.postquery.model,PostQueryModel,0,51,0,0,0,22,0,15,0,15
Ask_Portal Maven Webapp,com.prokarma.admin.model,FullNamesList,0,15,0,0,0,5,0,3,0,3
Ask_Portal Maven Webapp,com.prokarma.admin.model,ResponseMsg,0,10,0,0,0,5,0,3,0,3
Ask_Portal Maven Webapp,com.prokarma.admin.model,RequestDetails,10,19,0,0,4,7,3,4,3,4
Ask_Portal Maven Webapp,com.prokarma.sme.model,UpdatePostQuery,0,17,0,0,0,8,0,5,0,5
Ask_Portal Maven Webapp,com.prokarma.sme.model,SmeCtrgyName,0,17,0,0,0,8,0,5,0,5
Ask_Portal Maven Webapp,com.prokarma.sme.model,ResponseOnUpdate,0,10,0,0,0,5,0,3,0,3
Ask_Portal Maven Webapp,com.prokarma.sme.model,UpdateReplyQuery,0,17,0,0,0,8,0,5,0,5
Ask_Portal Maven Webapp,com.prokarma.login.model,ResponseModel,0,31,0,0,0,13,0,9,0,9
Ask_Portal Maven Webapp,com.prokarma.login.model,UserModel,0,17,0,0,0,7,0,5,0,5
Ask_Portal Maven Webapp,com.prokarma.login.model,InfoFromDB,0,24,0,0,0,10,0,7,0,7
Ask_Portal Maven Webapp,com.prokarma.postquery.service,PostQueryServiceImpl,0,61,0,8,0,15,0,6,0,2
Ask_Portal Maven Webapp,com.prokarma.forgotpassword.model,ResponseModel,10,0,0,0,5,0,3,0,3,0
Ask_Portal Maven Webapp,com.prokarma.forgotpassword.model,ForgotPasswordModel,24,0,0,0,11,0,7,0,7,0
Ask_Portal Maven Webapp,com.prokarma.viewpost.controller,ViewController,0,19,0,0,0,4,0,3,0,3
Ask_Portal Maven Webapp,com.prokarma.postquery.dao,PostQueryDaoImpl,0,199,3,7,0,45,3,5,0,3
Ask_Portal Maven Webapp,com.prokarma.postquery.controller,PostQueryController,0,24,0,0,0,5,0,2,0,2
Ask_Portal Maven Webapp,com.prokarma.admin.services,AdminServiceImpl,62,52,2,0,10,11,1,3,0,3
Ask_Portal Maven Webapp,com.prokarma.sme.controller,SmeController,0,19,0,0,0,4,0,4,0,4
Ask_Portal Maven Webapp,com.prokarma.admin.dao,AdminDAOImpl,136,19,6,0,26,6,7,3,4,3
Ask_Portal Maven Webapp,com.prokarma.admin.dao,AdminDAOImpl.new BatchPreparedStatementSetter() {...},42,0,0,0,6,0,3,0,3,0
Ask_Portal Maven Webapp,com.prokarma.forgotpassword.service,MailServiceImpl,51,7,2,0,12,2,2,2,1,2
Ask_Portal Maven Webapp,com.prokarma.forgotpassword.service,ForgotPasswordServiceImpl,31,7,2,0,10,2,2,2,1,2
Ask_Portal Maven Webapp,com.prokarma.menudashboard.service,MenuServiceImpl,0,37,0,4,0,9,0,4,0,2
