<?xml version="1.0" encoding="UTF-8"?>
<testng-results skipped="0" failed="0" ignored="0" total="2" passed="2">
  <reporter-output>
  </reporter-output>
  <suite name="Default suite" duration-ms="27428" started-at="2018-08-20T07:08:33Z" finished-at="2018-08-20T07:09:01Z">
    <groups>
    </groups>
    <test name="Default test" duration-ms="27428" started-at="2018-08-20T07:08:33Z" finished-at="2018-08-20T07:09:01Z">
      <class name="com.prokarma.selenium.test.QueryTest">
        <test-method status="PASS" signature="queryTest()[pri:0, instance:com.prokarma.selenium.test.QueryTest@290dbf45]" name="queryTest" duration-ms="18796" started-at="2018-08-20T07:08:33Z" finished-at="2018-08-20T07:08:52Z">
          <reporter-output>
          </reporter-output>
        </test-method> <!-- queryTest -->
      </class> <!-- com.prokarma.selenium.test.QueryTest -->
      <class name="com.prokarma.selenium.test.PostYourQueryTest">
        <test-method status="PASS" signature="postYourQueryTest()[pri:0, instance:com.prokarma.selenium.test.PostYourQueryTest@12028586]" name="postYourQueryTest" duration-ms="8608" started-at="2018-08-20T07:08:52Z" finished-at="2018-08-20T07:09:01Z">
          <reporter-output>
          </reporter-output>
        </test-method> <!-- postYourQueryTest -->
      </class> <!-- com.prokarma.selenium.test.PostYourQueryTest -->
    </test> <!-- Default test -->
  </suite> <!-- Default suite -->
</testng-results>
